[0.018s] Invoking command in '/home/matthew/sim_ws/src/frenet_lattice_planner/build/frenet_lattice_planner': CMAKE_PREFIX_PATH=${CMAKE_PREFIX_PATH}:/opt/ros/jazzy DEBUGINFOD_URLS=https://debuginfod.ubuntu.com /usr/bin/cmake --build /home/matthew/sim_ws/src/frenet_lattice_planner/build/frenet_lattice_planner -- -j12 -l12
[0.060s] -- Found ament_cmake: 2.5.4 (/opt/ros/jazzy/share/ament_cmake/cmake)
[0.402s] -- Found rclcpp: 28.1.13 (/opt/ros/jazzy/share/rclcpp/cmake)
[0.446s] -- Found rosidl_generator_c: 4.6.6 (/opt/ros/jazzy/share/rosidl_generator_c/cmake)
[0.464s] -- Found rosidl_generator_cpp: 4.6.6 (/opt/ros/jazzy/share/rosidl_generator_cpp/cmake)
[0.487s] -- Using all available rosidl_typesupport_c: rosidl_typesupport_fastrtps_c;rosidl_typesupport_introspection_c
[0.505s] -- Using all available rosidl_typesupport_cpp: rosidl_typesupport_fastrtps_cpp;rosidl_typesupport_introspection_cpp
[0.589s] -- Found rmw_implementation_cmake: 7.3.2 (/opt/ros/jazzy/share/rmw_implementation_cmake/cmake)
[0.592s] -- Found rmw_fastrtps_cpp: 8.4.3 (/opt/ros/jazzy/share/rmw_fastrtps_cpp/cmake)
[0.688s] -- Using RMW implementation 'rmw_fastrtps_cpp' as default
[0.786s] -- Found nav_msgs: 5.3.6 (/opt/ros/jazzy/share/nav_msgs/cmake)
[0.864s] -- Found visualization_msgs: 5.3.6 (/opt/ros/jazzy/share/visualization_msgs/cmake)
[0.937s] -- Found tf2: 0.36.16 (/opt/ros/jazzy/share/tf2/cmake)
[0.944s] -- Found ackermann_msgs: 2.0.2 (/opt/ros/jazzy/share/ackermann_msgs/cmake)
[0.970s] -- Found ament_lint_auto: 0.17.3 (/opt/ros/jazzy/share/ament_lint_auto/cmake)
[1.114s] -- Added test 'cppcheck' to perform static code analysis on C / C++ code
[1.114s] -- Configured cppcheck include dirs: /home/matthew/sim_ws/src/frenet_lattice_planner/include
[1.115s] -- Configured cppcheck exclude dirs and/or files: 
[1.118s] -- Added test 'flake8' to check Python code syntax and style conventions
[1.118s] -- Configured 'flake8' exclude dirs and/or files: 
[1.123s] -- Added test 'lint_cmake' to check CMake code style
[1.126s] -- Added test 'pep257' to check Python code against some of the docstring style conventions in PEP 257
[1.142s] -- Added test 'uncrustify' to check C / C++ code style
[1.142s] -- Configured uncrustify additional arguments: 
[1.144s] -- Added test 'xmllint' to check XML markup files
[1.145s] -- Configuring done (1.1s)
[1.168s] -- Generating done (0.0s)
[1.177s] -- Build files have been written to: /home/matthew/sim_ws/src/frenet_lattice_planner/build/frenet_lattice_planner
[1.256s] [ 50%] [32mBuilding CXX object CMakeFiles/frenet_planner_node.dir/src/frenet_planner.cpp.o[0m
[13.700s] [100%] [32m[1mLinking CXX executable frenet_planner_node[0m
[14.028s] [100%] Built target frenet_planner_node
[14.038s] Invoked command in '/home/matthew/sim_ws/src/frenet_lattice_planner/build/frenet_lattice_planner' returned '0': CMAKE_PREFIX_PATH=${CMAKE_PREFIX_PATH}:/opt/ros/jazzy DEBUGINFOD_URLS=https://debuginfod.ubuntu.com /usr/bin/cmake --build /home/matthew/sim_ws/src/frenet_lattice_planner/build/frenet_lattice_planner -- -j12 -l12
[14.045s] Invoking command in '/home/matthew/sim_ws/src/frenet_lattice_planner/build/frenet_lattice_planner': CMAKE_PREFIX_PATH=${CMAKE_PREFIX_PATH}:/opt/ros/jazzy DEBUGINFOD_URLS=https://debuginfod.ubuntu.com /usr/bin/cmake --install /home/matthew/sim_ws/src/frenet_lattice_planner/build/frenet_lattice_planner
[14.052s] -- Install configuration: ""
[14.052s] -- Installing: /home/matthew/sim_ws/src/frenet_lattice_planner/install/frenet_lattice_planner/lib/frenet_lattice_planner/frenet_planner_node
[14.057s] -- Set non-toolchain portion of runtime path of "/home/matthew/sim_ws/src/frenet_lattice_planner/install/frenet_lattice_planner/lib/frenet_lattice_planner/frenet_planner_node" to ""
[14.057s] -- Installing: /home/matthew/sim_ws/src/frenet_lattice_planner/install/frenet_lattice_planner/share/ament_index/resource_index/package_run_dependencies/frenet_lattice_planner
[14.057s] -- Up-to-date: /home/matthew/sim_ws/src/frenet_lattice_planner/install/frenet_lattice_planner/share/ament_index/resource_index/parent_prefix_path/frenet_lattice_planner
[14.057s] -- Up-to-date: /home/matthew/sim_ws/src/frenet_lattice_planner/install/frenet_lattice_planner/share/frenet_lattice_planner/environment/ament_prefix_path.sh
[14.057s] -- Up-to-date: /home/matthew/sim_ws/src/frenet_lattice_planner/install/frenet_lattice_planner/share/frenet_lattice_planner/environment/ament_prefix_path.dsv
[14.057s] -- Up-to-date: /home/matthew/sim_ws/src/frenet_lattice_planner/install/frenet_lattice_planner/share/frenet_lattice_planner/environment/path.sh
[14.057s] -- Up-to-date: /home/matthew/sim_ws/src/frenet_lattice_planner/install/frenet_lattice_planner/share/frenet_lattice_planner/environment/path.dsv
[14.057s] -- Up-to-date: /home/matthew/sim_ws/src/frenet_lattice_planner/install/frenet_lattice_planner/share/frenet_lattice_planner/local_setup.bash
[14.057s] -- Up-to-date: /home/matthew/sim_ws/src/frenet_lattice_planner/install/frenet_lattice_planner/share/frenet_lattice_planner/local_setup.sh
[14.057s] -- Up-to-date: /home/matthew/sim_ws/src/frenet_lattice_planner/install/frenet_lattice_planner/share/frenet_lattice_planner/local_setup.zsh
[14.058s] -- Up-to-date: /home/matthew/sim_ws/src/frenet_lattice_planner/install/frenet_lattice_planner/share/frenet_lattice_planner/local_setup.dsv
[14.058s] -- Installing: /home/matthew/sim_ws/src/frenet_lattice_planner/install/frenet_lattice_planner/share/frenet_lattice_planner/package.dsv
[14.058s] -- Up-to-date: /home/matthew/sim_ws/src/frenet_lattice_planner/install/frenet_lattice_planner/share/ament_index/resource_index/packages/frenet_lattice_planner
[14.058s] -- Up-to-date: /home/matthew/sim_ws/src/frenet_lattice_planner/install/frenet_lattice_planner/share/frenet_lattice_planner/cmake/frenet_lattice_plannerConfig.cmake
[14.058s] -- Up-to-date: /home/matthew/sim_ws/src/frenet_lattice_planner/install/frenet_lattice_planner/share/frenet_lattice_planner/cmake/frenet_lattice_plannerConfig-version.cmake
[14.058s] -- Installing: /home/matthew/sim_ws/src/frenet_lattice_planner/install/frenet_lattice_planner/share/frenet_lattice_planner/package.xml
[14.059s] Invoked command in '/home/matthew/sim_ws/src/frenet_lattice_planner/build/frenet_lattice_planner' returned '0': CMAKE_PREFIX_PATH=${CMAKE_PREFIX_PATH}:/opt/ros/jazzy DEBUGINFOD_URLS=https://debuginfod.ubuntu.com /usr/bin/cmake --install /home/matthew/sim_ws/src/frenet_lattice_planner/build/frenet_lattice_planner
