[0.021s] Invoking command in '/home/matthew/sim_ws/src/frenet_lattice_planner/build/frenet_lattice_planner': CMAKE_PREFIX_PATH=${CMAKE_PREFIX_PATH}:/opt/ros/jazzy DEBUGINFOD_URLS=https://debuginfod.ubuntu.com /usr/bin/cmake --build /home/matthew/sim_ws/src/frenet_lattice_planner/build/frenet_lattice_planner -- -j12 -l12
[0.146s] [ 50%] [32mBuilding CXX object CMakeFiles/frenet_planner_node.dir/src/frenet_planner.cpp.o[0m
[25.457s] [100%] [32m[1mLinking CXX executable frenet_planner_node[0m
[26.592s] [100%] Built target frenet_planner_node
[26.610s] Invoked command in '/home/matthew/sim_ws/src/frenet_lattice_planner/build/frenet_lattice_planner' returned '0': CMAKE_PREFIX_PATH=${CMAKE_PREFIX_PATH}:/opt/ros/jazzy DEBUGINFOD_URLS=https://debuginfod.ubuntu.com /usr/bin/cmake --build /home/matthew/sim_ws/src/frenet_lattice_planner/build/frenet_lattice_planner -- -j12 -l12
[26.625s] Invoking command in '/home/matthew/sim_ws/src/frenet_lattice_planner/build/frenet_lattice_planner': CMAKE_PREFIX_PATH=${CMAKE_PREFIX_PATH}:/opt/ros/jazzy DEBUGINFOD_URLS=https://debuginfod.ubuntu.com /usr/bin/cmake --install /home/matthew/sim_ws/src/frenet_lattice_planner/build/frenet_lattice_planner
[26.642s] -- Install configuration: ""
[26.643s] -- Installing: /home/matthew/sim_ws/src/frenet_lattice_planner/install/frenet_lattice_planner/lib/frenet_lattice_planner/frenet_planner_node
[26.653s] -- Set non-toolchain portion of runtime path of "/home/matthew/sim_ws/src/frenet_lattice_planner/install/frenet_lattice_planner/lib/frenet_lattice_planner/frenet_planner_node" to ""
[26.654s] -- Up-to-date: /home/matthew/sim_ws/src/frenet_lattice_planner/install/frenet_lattice_planner/share/ament_index/resource_index/package_run_dependencies/frenet_lattice_planner
[26.654s] -- Up-to-date: /home/matthew/sim_ws/src/frenet_lattice_planner/install/frenet_lattice_planner/share/ament_index/resource_index/parent_prefix_path/frenet_lattice_planner
[26.654s] -- Up-to-date: /home/matthew/sim_ws/src/frenet_lattice_planner/install/frenet_lattice_planner/share/frenet_lattice_planner/environment/ament_prefix_path.sh
[26.654s] -- Up-to-date: /home/matthew/sim_ws/src/frenet_lattice_planner/install/frenet_lattice_planner/share/frenet_lattice_planner/environment/ament_prefix_path.dsv
[26.655s] -- Up-to-date: /home/matthew/sim_ws/src/frenet_lattice_planner/install/frenet_lattice_planner/share/frenet_lattice_planner/environment/path.sh
[26.655s] -- Up-to-date: /home/matthew/sim_ws/src/frenet_lattice_planner/install/frenet_lattice_planner/share/frenet_lattice_planner/environment/path.dsv
[26.655s] -- Up-to-date: /home/matthew/sim_ws/src/frenet_lattice_planner/install/frenet_lattice_planner/share/frenet_lattice_planner/local_setup.bash
[26.655s] -- Up-to-date: /home/matthew/sim_ws/src/frenet_lattice_planner/install/frenet_lattice_planner/share/frenet_lattice_planner/local_setup.sh
[26.656s] -- Up-to-date: /home/matthew/sim_ws/src/frenet_lattice_planner/install/frenet_lattice_planner/share/frenet_lattice_planner/local_setup.zsh
[26.656s] -- Up-to-date: /home/matthew/sim_ws/src/frenet_lattice_planner/install/frenet_lattice_planner/share/frenet_lattice_planner/local_setup.dsv
[26.656s] -- Installing: /home/matthew/sim_ws/src/frenet_lattice_planner/install/frenet_lattice_planner/share/frenet_lattice_planner/package.dsv
[26.657s] -- Up-to-date: /home/matthew/sim_ws/src/frenet_lattice_planner/install/frenet_lattice_planner/share/ament_index/resource_index/packages/frenet_lattice_planner
[26.657s] -- Up-to-date: /home/matthew/sim_ws/src/frenet_lattice_planner/install/frenet_lattice_planner/share/frenet_lattice_planner/cmake/frenet_lattice_plannerConfig.cmake
[26.658s] -- Up-to-date: /home/matthew/sim_ws/src/frenet_lattice_planner/install/frenet_lattice_planner/share/frenet_lattice_planner/cmake/frenet_lattice_plannerConfig-version.cmake
[26.662s] -- Up-to-date: /home/matthew/sim_ws/src/frenet_lattice_planner/install/frenet_lattice_planner/share/frenet_lattice_planner/package.xml
[26.665s] Invoked command in '/home/matthew/sim_ws/src/frenet_lattice_planner/build/frenet_lattice_planner' returned '0': CMAKE_PREFIX_PATH=${CMAKE_PREFIX_PATH}:/opt/ros/jazzy DEBUGINFOD_URLS=https://debuginfod.ubuntu.com /usr/bin/cmake --install /home/matthew/sim_ws/src/frenet_lattice_planner/build/frenet_lattice_planner
