[0.034s] Invoking command in '/home/matthew/sim_ws/src/frenet_lattice_planner/build/frenet_lattice_planner': CMAKE_PREFIX_PATH=${CMAKE_PREFIX_PATH}:/opt/ros/jazzy DEBUGINFOD_URLS=https://debuginfod.ubuntu.com /usr/bin/cmake --build /home/matthew/sim_ws/src/frenet_lattice_planner/build/frenet_lattice_planner -- -j12 -l12
[0.276s] [ 50%] [32mBuilding CXX object CMakeFiles/frenet_planner_node.dir/src/frenet_planner.cpp.o[0m
[36.351s] [100%] [32m[1mLinking CXX executable frenet_planner_node[0m
[37.904s] [100%] Built target frenet_planner_node
[37.927s] Invoked command in '/home/matthew/sim_ws/src/frenet_lattice_planner/build/frenet_lattice_planner' returned '0': CMAKE_PREFIX_PATH=${CMAKE_PREFIX_PATH}:/opt/ros/jazzy DEBUGINFOD_URLS=https://debuginfod.ubuntu.com /usr/bin/cmake --build /home/matthew/sim_ws/src/frenet_lattice_planner/build/frenet_lattice_planner -- -j12 -l12
[37.966s] Invoking command in '/home/matthew/sim_ws/src/frenet_lattice_planner/build/frenet_lattice_planner': CMAKE_PREFIX_PATH=${CMAKE_PREFIX_PATH}:/opt/ros/jazzy DEBUGINFOD_URLS=https://debuginfod.ubuntu.com /usr/bin/cmake --install /home/matthew/sim_ws/src/frenet_lattice_planner/build/frenet_lattice_planner
[37.997s] -- Install configuration: ""
[38.003s] -- Installing: /home/matthew/sim_ws/src/frenet_lattice_planner/install/frenet_lattice_planner/lib/frenet_lattice_planner/frenet_planner_node
[38.028s] -- Set non-toolchain portion of runtime path of "/home/matthew/sim_ws/src/frenet_lattice_planner/install/frenet_lattice_planner/lib/frenet_lattice_planner/frenet_planner_node" to ""
[38.029s] -- Up-to-date: /home/matthew/sim_ws/src/frenet_lattice_planner/install/frenet_lattice_planner/share/ament_index/resource_index/package_run_dependencies/frenet_lattice_planner
[38.030s] -- Up-to-date: /home/matthew/sim_ws/src/frenet_lattice_planner/install/frenet_lattice_planner/share/ament_index/resource_index/parent_prefix_path/frenet_lattice_planner
[38.030s] -- Up-to-date: /home/matthew/sim_ws/src/frenet_lattice_planner/install/frenet_lattice_planner/share/frenet_lattice_planner/environment/ament_prefix_path.sh
[38.030s] -- Up-to-date: /home/matthew/sim_ws/src/frenet_lattice_planner/install/frenet_lattice_planner/share/frenet_lattice_planner/environment/ament_prefix_path.dsv
[38.030s] -- Up-to-date: /home/matthew/sim_ws/src/frenet_lattice_planner/install/frenet_lattice_planner/share/frenet_lattice_planner/environment/path.sh
[38.031s] -- Up-to-date: /home/matthew/sim_ws/src/frenet_lattice_planner/install/frenet_lattice_planner/share/frenet_lattice_planner/environment/path.dsv
[38.031s] -- Up-to-date: /home/matthew/sim_ws/src/frenet_lattice_planner/install/frenet_lattice_planner/share/frenet_lattice_planner/local_setup.bash
[38.032s] -- Up-to-date: /home/matthew/sim_ws/src/frenet_lattice_planner/install/frenet_lattice_planner/share/frenet_lattice_planner/local_setup.sh
[38.032s] -- Up-to-date: /home/matthew/sim_ws/src/frenet_lattice_planner/install/frenet_lattice_planner/share/frenet_lattice_planner/local_setup.zsh
[38.032s] -- Up-to-date: /home/matthew/sim_ws/src/frenet_lattice_planner/install/frenet_lattice_planner/share/frenet_lattice_planner/local_setup.dsv
[38.033s] -- Installing: /home/matthew/sim_ws/src/frenet_lattice_planner/install/frenet_lattice_planner/share/frenet_lattice_planner/package.dsv
[38.033s] -- Up-to-date: /home/matthew/sim_ws/src/frenet_lattice_planner/install/frenet_lattice_planner/share/ament_index/resource_index/packages/frenet_lattice_planner
[38.034s] -- Up-to-date: /home/matthew/sim_ws/src/frenet_lattice_planner/install/frenet_lattice_planner/share/frenet_lattice_planner/cmake/frenet_lattice_plannerConfig.cmake
[38.034s] -- Up-to-date: /home/matthew/sim_ws/src/frenet_lattice_planner/install/frenet_lattice_planner/share/frenet_lattice_planner/cmake/frenet_lattice_plannerConfig-version.cmake
[38.035s] -- Up-to-date: /home/matthew/sim_ws/src/frenet_lattice_planner/install/frenet_lattice_planner/share/frenet_lattice_planner/package.xml
[38.038s] Invoked command in '/home/matthew/sim_ws/src/frenet_lattice_planner/build/frenet_lattice_planner' returned '0': CMAKE_PREFIX_PATH=${CMAKE_PREFIX_PATH}:/opt/ros/jazzy DEBUGINFOD_URLS=https://debuginfod.ubuntu.com /usr/bin/cmake --install /home/matthew/sim_ws/src/frenet_lattice_planner/build/frenet_lattice_planner
