[0.020s] Invoking command in '/home/matthew/sim_ws/src/frenet_lattice_planner/build/frenet_lattice_planner': CMAKE_PREFIX_PATH=${CMAKE_PREFIX_PATH}:/opt/ros/jazzy DEBUGINFOD_URLS=https://debuginfod.ubuntu.com /usr/bin/cmake --build /home/matthew/sim_ws/src/frenet_lattice_planner/build/frenet_lattice_planner -- -j12 -l12
[0.131s] [ 50%] [32mBuilding CXX object CMakeFiles/frenet_planner_node.dir/src/frenet_planner.cpp.o[0m
[21.708s] [100%] [32m[1mLinking CXX executable frenet_planner_node[0m
[22.542s] [100%] Built target frenet_planner_node
[22.564s] Invoked command in '/home/matthew/sim_ws/src/frenet_lattice_planner/build/frenet_lattice_planner' returned '0': CMAKE_PREFIX_PATH=${CMAKE_PREFIX_PATH}:/opt/ros/jazzy DEBUGINFOD_URLS=https://debuginfod.ubuntu.com /usr/bin/cmake --build /home/matthew/sim_ws/src/frenet_lattice_planner/build/frenet_lattice_planner -- -j12 -l12
[22.582s] Invoking command in '/home/matthew/sim_ws/src/frenet_lattice_planner/build/frenet_lattice_planner': CMAKE_PREFIX_PATH=${CMAKE_PREFIX_PATH}:/opt/ros/jazzy DEBUGINFOD_URLS=https://debuginfod.ubuntu.com /usr/bin/cmake --install /home/matthew/sim_ws/src/frenet_lattice_planner/build/frenet_lattice_planner
[22.598s] -- Install configuration: ""
[22.598s] -- Installing: /home/matthew/sim_ws/src/frenet_lattice_planner/install/frenet_lattice_planner/lib/frenet_lattice_planner/frenet_planner_node
[22.619s] -- Set non-toolchain portion of runtime path of "/home/matthew/sim_ws/src/frenet_lattice_planner/install/frenet_lattice_planner/lib/frenet_lattice_planner/frenet_planner_node" to ""
[22.619s] -- Up-to-date: /home/matthew/sim_ws/src/frenet_lattice_planner/install/frenet_lattice_planner/share/ament_index/resource_index/package_run_dependencies/frenet_lattice_planner
[22.619s] -- Up-to-date: /home/matthew/sim_ws/src/frenet_lattice_planner/install/frenet_lattice_planner/share/ament_index/resource_index/parent_prefix_path/frenet_lattice_planner
[22.620s] -- Up-to-date: /home/matthew/sim_ws/src/frenet_lattice_planner/install/frenet_lattice_planner/share/frenet_lattice_planner/environment/ament_prefix_path.sh
[22.620s] -- Up-to-date: /home/matthew/sim_ws/src/frenet_lattice_planner/install/frenet_lattice_planner/share/frenet_lattice_planner/environment/ament_prefix_path.dsv
[22.620s] -- Up-to-date: /home/matthew/sim_ws/src/frenet_lattice_planner/install/frenet_lattice_planner/share/frenet_lattice_planner/environment/path.sh
[22.620s] -- Up-to-date: /home/matthew/sim_ws/src/frenet_lattice_planner/install/frenet_lattice_planner/share/frenet_lattice_planner/environment/path.dsv
[22.621s] -- Up-to-date: /home/matthew/sim_ws/src/frenet_lattice_planner/install/frenet_lattice_planner/share/frenet_lattice_planner/local_setup.bash
[22.621s] -- Up-to-date: /home/matthew/sim_ws/src/frenet_lattice_planner/install/frenet_lattice_planner/share/frenet_lattice_planner/local_setup.sh
[22.621s] -- Up-to-date: /home/matthew/sim_ws/src/frenet_lattice_planner/install/frenet_lattice_planner/share/frenet_lattice_planner/local_setup.zsh
[22.621s] -- Up-to-date: /home/matthew/sim_ws/src/frenet_lattice_planner/install/frenet_lattice_planner/share/frenet_lattice_planner/local_setup.dsv
[22.622s] -- Installing: /home/matthew/sim_ws/src/frenet_lattice_planner/install/frenet_lattice_planner/share/frenet_lattice_planner/package.dsv
[22.622s] -- Up-to-date: /home/matthew/sim_ws/src/frenet_lattice_planner/install/frenet_lattice_planner/share/ament_index/resource_index/packages/frenet_lattice_planner
[22.623s] -- Up-to-date: /home/matthew/sim_ws/src/frenet_lattice_planner/install/frenet_lattice_planner/share/frenet_lattice_planner/cmake/frenet_lattice_plannerConfig.cmake
[22.623s] -- Up-to-date: /home/matthew/sim_ws/src/frenet_lattice_planner/install/frenet_lattice_planner/share/frenet_lattice_planner/cmake/frenet_lattice_plannerConfig-version.cmake
[22.623s] -- Up-to-date: /home/matthew/sim_ws/src/frenet_lattice_planner/install/frenet_lattice_planner/share/frenet_lattice_planner/package.xml
[22.625s] Invoked command in '/home/matthew/sim_ws/src/frenet_lattice_planner/build/frenet_lattice_planner' returned '0': CMAKE_PREFIX_PATH=${CMAKE_PREFIX_PATH}:/opt/ros/jazzy DEBUGINFOD_URLS=https://debuginfod.ubuntu.com /usr/bin/cmake --install /home/matthew/sim_ws/src/frenet_lattice_planner/build/frenet_lattice_planner
