[0.131s] DEBUG:colcon:Command line arguments: ['/usr/bin/colcon', 'build', '--packages-select', 'frenet_lattice_planner']
[0.131s] DEBUG:colcon:Parsed command line arguments: Namespace(log_base=None, log_level=None, verb_name='build', build_base='build', install_base='install', merge_install=False, symlink_install=False, test_result_base=None, continue_on_error=False, executor='parallel', parallel_workers=12, event_handlers=None, ignore_user_meta=False, metas=['./colcon.meta'], base_paths=['.'], packages_ignore=None, packages_ignore_regex=None, paths=None, packages_up_to=None, packages_up_to_regex=None, packages_above=None, packages_above_and_dependencies=None, packages_above_depth=None, packages_select_by_dep=None, packages_skip_by_dep=None, packages_skip_up_to=None, packages_select_build_failed=False, packages_skip_build_finished=False, packages_select_test_failures=False, packages_skip_test_passed=False, packages_select=['frenet_lattice_planner'], packages_skip=None, packages_select_regex=None, packages_skip_regex=None, packages_start=None, packages_end=None, allow_overriding=[], cmake_args=None, cmake_target=None, cmake_target_skip_unavailable=False, cmake_clean_cache=False, cmake_clean_first=False, cmake_force_configure=False, ament_cmake_args=None, catkin_cmake_args=None, catkin_skip_building_tests=False, mixin_files=None, mixin=None, verb_parser=<colcon_mixin.mixin.mixin_argument.MixinArgumentDecorator object at 0x73221c79c440>, verb_extension=<colcon_core.verb.build.BuildVerb object at 0x73221c79c170>, main=<bound method BuildVerb.main of <colcon_core.verb.build.BuildVerb object at 0x73221c79c170>>, mixin_verb=('build',))
[0.181s] Level 1:colcon.colcon_core.package_discovery:discover_packages(colcon_meta) check parameters
[0.182s] Level 1:colcon.colcon_core.package_discovery:discover_packages(recursive) check parameters
[0.182s] Level 1:colcon.colcon_core.package_discovery:discover_packages(ignore) check parameters
[0.182s] Level 1:colcon.colcon_core.package_discovery:discover_packages(path) check parameters
[0.182s] Level 1:colcon.colcon_core.package_discovery:discover_packages(colcon_meta) discover
[0.182s] Level 1:colcon.colcon_core.package_discovery:discover_packages(recursive) discover
[0.182s] INFO:colcon.colcon_core.package_discovery:Crawling recursively for packages in '/home/matthew/sim_ws/src/frenet_lattice_planner'
[0.182s] Level 1:colcon.colcon_core.package_identification:_identify(.) by extensions ['ignore', 'ignore_ament_install']
[0.182s] Level 1:colcon.colcon_core.package_identification:_identify(.) by extension 'ignore'
[0.182s] Level 1:colcon.colcon_core.package_identification:_identify(.) by extension 'ignore_ament_install'
[0.182s] Level 1:colcon.colcon_core.package_identification:_identify(.) by extensions ['colcon_pkg']
[0.182s] Level 1:colcon.colcon_core.package_identification:_identify(.) by extension 'colcon_pkg'
[0.182s] Level 1:colcon.colcon_core.package_identification:_identify(.) by extensions ['colcon_meta']
[0.182s] Level 1:colcon.colcon_core.package_identification:_identify(.) by extension 'colcon_meta'
[0.182s] Level 1:colcon.colcon_core.package_identification:_identify(.) by extensions ['ros']
[0.182s] Level 1:colcon.colcon_core.package_identification:_identify(.) by extension 'ros'
[0.220s] DEBUG:colcon.colcon_core.package_identification:Package '.' with type 'ros.ament_cmake' and name 'frenet_lattice_planner'
[0.220s] Level 1:colcon.colcon_core.package_discovery:discover_packages(recursive) using defaults
[0.220s] Level 1:colcon.colcon_core.package_discovery:discover_packages(ignore) discover
[0.220s] Level 1:colcon.colcon_core.package_discovery:discover_packages(ignore) using defaults
[0.221s] Level 1:colcon.colcon_core.package_discovery:discover_packages(path) discover
[0.221s] Level 1:colcon.colcon_core.package_discovery:discover_packages(path) using defaults
[0.253s] Level 1:colcon.colcon_core.package_discovery:discover_packages(prefix_path) check parameters
[0.253s] Level 1:colcon.colcon_core.package_discovery:discover_packages(prefix_path) discover
[0.257s] DEBUG:colcon.colcon_installed_package_information.package_discovery:Found 1 installed packages in /home/matthew/sim_ws/src/frenet_lattice_planner/install
[0.261s] DEBUG:colcon.colcon_installed_package_information.package_discovery:Found 340 installed packages in /opt/ros/jazzy
[0.265s] Level 1:colcon.colcon_core.package_discovery:discover_packages(prefix_path) using defaults
[0.329s] Level 5:colcon.colcon_core.verb:set package 'frenet_lattice_planner' build argument 'cmake_args' from command line to 'None'
[0.329s] Level 5:colcon.colcon_core.verb:set package 'frenet_lattice_planner' build argument 'cmake_target' from command line to 'None'
[0.329s] Level 5:colcon.colcon_core.verb:set package 'frenet_lattice_planner' build argument 'cmake_target_skip_unavailable' from command line to 'False'
[0.329s] Level 5:colcon.colcon_core.verb:set package 'frenet_lattice_planner' build argument 'cmake_clean_cache' from command line to 'False'
[0.330s] Level 5:colcon.colcon_core.verb:set package 'frenet_lattice_planner' build argument 'cmake_clean_first' from command line to 'False'
[0.330s] Level 5:colcon.colcon_core.verb:set package 'frenet_lattice_planner' build argument 'cmake_force_configure' from command line to 'False'
[0.330s] Level 5:colcon.colcon_core.verb:set package 'frenet_lattice_planner' build argument 'ament_cmake_args' from command line to 'None'
[0.330s] Level 5:colcon.colcon_core.verb:set package 'frenet_lattice_planner' build argument 'catkin_cmake_args' from command line to 'None'
[0.330s] Level 5:colcon.colcon_core.verb:set package 'frenet_lattice_planner' build argument 'catkin_skip_building_tests' from command line to 'False'
[0.330s] DEBUG:colcon.colcon_core.verb:Building package 'frenet_lattice_planner' with the following arguments: {'ament_cmake_args': None, 'build_base': '/home/matthew/sim_ws/src/frenet_lattice_planner/build/frenet_lattice_planner', 'catkin_cmake_args': None, 'catkin_skip_building_tests': False, 'cmake_args': None, 'cmake_clean_cache': False, 'cmake_clean_first': False, 'cmake_force_configure': False, 'cmake_target': None, 'cmake_target_skip_unavailable': False, 'install_base': '/home/matthew/sim_ws/src/frenet_lattice_planner/install/frenet_lattice_planner', 'merge_install': False, 'path': '/home/matthew/sim_ws/src/frenet_lattice_planner', 'symlink_install': False, 'test_result_base': None}
[0.330s] INFO:colcon.colcon_core.executor:Executing jobs using 'parallel' executor
[0.331s] DEBUG:colcon.colcon_parallel_executor.executor.parallel:run_until_complete
[0.331s] INFO:colcon.colcon_ros.task.ament_cmake.build:Building ROS package in '/home/matthew/sim_ws/src/frenet_lattice_planner' with build type 'ament_cmake'
[0.332s] INFO:colcon.colcon_cmake.task.cmake.build:Building CMake package in '/home/matthew/sim_ws/src/frenet_lattice_planner'
[0.334s] INFO:colcon.colcon_core.plugin_system:Skipping extension 'colcon_core.shell.bat': Not used on non-Windows systems
[0.334s] INFO:colcon.colcon_core.shell:Skip shell extension 'powershell' for command environment: Not usable outside of PowerShell
[0.334s] DEBUG:colcon.colcon_core.shell:Skip shell extension 'dsv' for command environment
[0.348s] DEBUG:colcon.colcon_core.event_handler.log_command:Invoking command in '/home/matthew/sim_ws/src/frenet_lattice_planner/build/frenet_lattice_planner': CMAKE_PREFIX_PATH=${CMAKE_PREFIX_PATH}:/opt/ros/jazzy DEBUGINFOD_URLS=https://debuginfod.ubuntu.com /usr/bin/cmake --build /home/matthew/sim_ws/src/frenet_lattice_planner/build/frenet_lattice_planner -- -j12 -l12
[24.917s] DEBUG:colcon.colcon_core.event_handler.log_command:Invoked command in '/home/matthew/sim_ws/src/frenet_lattice_planner/build/frenet_lattice_planner' returned '0': CMAKE_PREFIX_PATH=${CMAKE_PREFIX_PATH}:/opt/ros/jazzy DEBUGINFOD_URLS=https://debuginfod.ubuntu.com /usr/bin/cmake --build /home/matthew/sim_ws/src/frenet_lattice_planner/build/frenet_lattice_planner -- -j12 -l12
[24.933s] DEBUG:colcon.colcon_core.event_handler.log_command:Invoking command in '/home/matthew/sim_ws/src/frenet_lattice_planner/build/frenet_lattice_planner': CMAKE_PREFIX_PATH=${CMAKE_PREFIX_PATH}:/opt/ros/jazzy DEBUGINFOD_URLS=https://debuginfod.ubuntu.com /usr/bin/cmake --install /home/matthew/sim_ws/src/frenet_lattice_planner/build/frenet_lattice_planner
[24.981s] Level 1:colcon.colcon_core.environment:create_environment_scripts_only(frenet_lattice_planner)
[24.983s] DEBUG:colcon.colcon_core.event_handler.log_command:Invoked command in '/home/matthew/sim_ws/src/frenet_lattice_planner/build/frenet_lattice_planner' returned '0': CMAKE_PREFIX_PATH=${CMAKE_PREFIX_PATH}:/opt/ros/jazzy DEBUGINFOD_URLS=https://debuginfod.ubuntu.com /usr/bin/cmake --install /home/matthew/sim_ws/src/frenet_lattice_planner/build/frenet_lattice_planner
[24.987s] Level 1:colcon.colcon_core.environment:checking '/home/matthew/sim_ws/src/frenet_lattice_planner/install/frenet_lattice_planner' for CMake module files
[24.988s] Level 1:colcon.colcon_core.environment:checking '/home/matthew/sim_ws/src/frenet_lattice_planner/install/frenet_lattice_planner' for CMake config files
[24.988s] Level 1:colcon.colcon_core.shell:create_environment_hook('frenet_lattice_planner', 'cmake_prefix_path')
[24.989s] INFO:colcon.colcon_core.shell:Creating environment hook '/home/matthew/sim_ws/src/frenet_lattice_planner/install/frenet_lattice_planner/share/frenet_lattice_planner/hook/cmake_prefix_path.ps1'
[24.990s] INFO:colcon.colcon_core.shell:Creating environment descriptor '/home/matthew/sim_ws/src/frenet_lattice_planner/install/frenet_lattice_planner/share/frenet_lattice_planner/hook/cmake_prefix_path.dsv'
[24.991s] INFO:colcon.colcon_core.shell:Creating environment hook '/home/matthew/sim_ws/src/frenet_lattice_planner/install/frenet_lattice_planner/share/frenet_lattice_planner/hook/cmake_prefix_path.sh'
[24.993s] Level 1:colcon.colcon_core.environment:checking '/home/matthew/sim_ws/src/frenet_lattice_planner/install/frenet_lattice_planner/lib'
[24.993s] Level 1:colcon.colcon_core.environment:checking '/home/matthew/sim_ws/src/frenet_lattice_planner/install/frenet_lattice_planner/bin'
[24.993s] Level 1:colcon.colcon_core.environment:checking '/home/matthew/sim_ws/src/frenet_lattice_planner/install/frenet_lattice_planner/lib/pkgconfig/frenet_lattice_planner.pc'
[24.994s] Level 1:colcon.colcon_core.environment:checking '/home/matthew/sim_ws/src/frenet_lattice_planner/install/frenet_lattice_planner/lib/python3.12/site-packages'
[24.994s] Level 1:colcon.colcon_core.environment:checking '/home/matthew/sim_ws/src/frenet_lattice_planner/install/frenet_lattice_planner/bin'
[24.995s] INFO:colcon.colcon_core.shell:Creating package script '/home/matthew/sim_ws/src/frenet_lattice_planner/install/frenet_lattice_planner/share/frenet_lattice_planner/package.ps1'
[24.997s] INFO:colcon.colcon_core.shell:Creating package descriptor '/home/matthew/sim_ws/src/frenet_lattice_planner/install/frenet_lattice_planner/share/frenet_lattice_planner/package.dsv'
[24.999s] INFO:colcon.colcon_core.shell:Creating package script '/home/matthew/sim_ws/src/frenet_lattice_planner/install/frenet_lattice_planner/share/frenet_lattice_planner/package.sh'
[25.001s] INFO:colcon.colcon_core.shell:Creating package script '/home/matthew/sim_ws/src/frenet_lattice_planner/install/frenet_lattice_planner/share/frenet_lattice_planner/package.bash'
[25.002s] INFO:colcon.colcon_core.shell:Creating package script '/home/matthew/sim_ws/src/frenet_lattice_planner/install/frenet_lattice_planner/share/frenet_lattice_planner/package.zsh'
[25.004s] Level 1:colcon.colcon_core.environment:create_file_with_runtime_dependencies(/home/matthew/sim_ws/src/frenet_lattice_planner/install/frenet_lattice_planner/share/colcon-core/packages/frenet_lattice_planner)
[25.006s] Level 1:colcon.colcon_core.environment:create_environment_scripts_only(frenet_lattice_planner)
[25.006s] Level 1:colcon.colcon_core.environment:checking '/home/matthew/sim_ws/src/frenet_lattice_planner/install/frenet_lattice_planner' for CMake module files
[25.008s] Level 1:colcon.colcon_core.environment:checking '/home/matthew/sim_ws/src/frenet_lattice_planner/install/frenet_lattice_planner' for CMake config files
[25.009s] Level 1:colcon.colcon_core.shell:create_environment_hook('frenet_lattice_planner', 'cmake_prefix_path')
[25.010s] INFO:colcon.colcon_core.shell:Creating environment hook '/home/matthew/sim_ws/src/frenet_lattice_planner/install/frenet_lattice_planner/share/frenet_lattice_planner/hook/cmake_prefix_path.ps1'
[25.011s] INFO:colcon.colcon_core.shell:Creating environment descriptor '/home/matthew/sim_ws/src/frenet_lattice_planner/install/frenet_lattice_planner/share/frenet_lattice_planner/hook/cmake_prefix_path.dsv'
[25.013s] INFO:colcon.colcon_core.shell:Creating environment hook '/home/matthew/sim_ws/src/frenet_lattice_planner/install/frenet_lattice_planner/share/frenet_lattice_planner/hook/cmake_prefix_path.sh'
[25.015s] Level 1:colcon.colcon_core.environment:checking '/home/matthew/sim_ws/src/frenet_lattice_planner/install/frenet_lattice_planner/lib'
[25.015s] Level 1:colcon.colcon_core.environment:checking '/home/matthew/sim_ws/src/frenet_lattice_planner/install/frenet_lattice_planner/bin'
[25.015s] Level 1:colcon.colcon_core.environment:checking '/home/matthew/sim_ws/src/frenet_lattice_planner/install/frenet_lattice_planner/lib/pkgconfig/frenet_lattice_planner.pc'
[25.016s] Level 1:colcon.colcon_core.environment:checking '/home/matthew/sim_ws/src/frenet_lattice_planner/install/frenet_lattice_planner/lib/python3.12/site-packages'
[25.017s] Level 1:colcon.colcon_core.environment:checking '/home/matthew/sim_ws/src/frenet_lattice_planner/install/frenet_lattice_planner/bin'
[25.018s] INFO:colcon.colcon_core.shell:Creating package script '/home/matthew/sim_ws/src/frenet_lattice_planner/install/frenet_lattice_planner/share/frenet_lattice_planner/package.ps1'
[25.020s] INFO:colcon.colcon_core.shell:Creating package descriptor '/home/matthew/sim_ws/src/frenet_lattice_planner/install/frenet_lattice_planner/share/frenet_lattice_planner/package.dsv'
[25.021s] INFO:colcon.colcon_core.shell:Creating package script '/home/matthew/sim_ws/src/frenet_lattice_planner/install/frenet_lattice_planner/share/frenet_lattice_planner/package.sh'
[25.022s] INFO:colcon.colcon_core.shell:Creating package script '/home/matthew/sim_ws/src/frenet_lattice_planner/install/frenet_lattice_planner/share/frenet_lattice_planner/package.bash'
[25.024s] INFO:colcon.colcon_core.shell:Creating package script '/home/matthew/sim_ws/src/frenet_lattice_planner/install/frenet_lattice_planner/share/frenet_lattice_planner/package.zsh'
[25.025s] Level 1:colcon.colcon_core.environment:create_file_with_runtime_dependencies(/home/matthew/sim_ws/src/frenet_lattice_planner/install/frenet_lattice_planner/share/colcon-core/packages/frenet_lattice_planner)
[25.025s] DEBUG:colcon.colcon_parallel_executor.executor.parallel:closing loop
[25.026s] DEBUG:colcon.colcon_parallel_executor.executor.parallel:loop closed
[25.026s] DEBUG:colcon.colcon_parallel_executor.executor.parallel:run_until_complete finished with '0'
[25.026s] DEBUG:colcon.colcon_core.event_reactor:joining thread
[25.043s] INFO:colcon.colcon_core.plugin_system:Skipping extension 'colcon_notification.desktop_notification.terminal_notifier': Not used on non-Darwin systems
[25.043s] INFO:colcon.colcon_core.plugin_system:Skipping extension 'colcon_notification.desktop_notification.win32': Not used on non-Windows systems
[25.044s] INFO:colcon.colcon_notification.desktop_notification:Sending desktop notification using 'notify2'
[25.069s] DEBUG:colcon.colcon_core.event_reactor:joined thread
[25.070s] INFO:colcon.colcon_core.shell:Creating prefix script '/home/matthew/sim_ws/src/frenet_lattice_planner/install/local_setup.ps1'
[25.072s] INFO:colcon.colcon_core.shell:Creating prefix util module '/home/matthew/sim_ws/src/frenet_lattice_planner/install/_local_setup_util_ps1.py'
[25.074s] INFO:colcon.colcon_core.shell:Creating prefix chain script '/home/matthew/sim_ws/src/frenet_lattice_planner/install/setup.ps1'
[25.076s] INFO:colcon.colcon_core.shell:Creating prefix script '/home/matthew/sim_ws/src/frenet_lattice_planner/install/local_setup.sh'
[25.077s] INFO:colcon.colcon_core.shell:Creating prefix util module '/home/matthew/sim_ws/src/frenet_lattice_planner/install/_local_setup_util_sh.py'
[25.079s] INFO:colcon.colcon_core.shell:Creating prefix chain script '/home/matthew/sim_ws/src/frenet_lattice_planner/install/setup.sh'
[25.082s] INFO:colcon.colcon_core.shell:Creating prefix script '/home/matthew/sim_ws/src/frenet_lattice_planner/install/local_setup.bash'
[25.083s] INFO:colcon.colcon_core.shell:Creating prefix chain script '/home/matthew/sim_ws/src/frenet_lattice_planner/install/setup.bash'
[25.084s] INFO:colcon.colcon_core.shell:Creating prefix script '/home/matthew/sim_ws/src/frenet_lattice_planner/install/local_setup.zsh'
[25.085s] INFO:colcon.colcon_core.shell:Creating prefix chain script '/home/matthew/sim_ws/src/frenet_lattice_planner/install/setup.zsh'
