[0.008s] Invoking command in '/home/matthew/sim_ws/src/frenet_lattice_planner/build/frenet_lattice_planner': CMAKE_PREFIX_PATH=${CMAKE_PREFIX_PATH}:/opt/ros/jazzy DEBUGINFOD_URLS=https://debuginfod.ubuntu.com /usr/bin/cmake --build /home/matthew/sim_ws/src/frenet_lattice_planner/build/frenet_lattice_planner -- -j12 -l12
[0.062s] [ 50%] [32mBuilding CXX object CMakeFiles/frenet_planner_node.dir/src/frenet_planner.cpp.o[0m
[10.281s] [100%] [32m[1mLinking CXX executable frenet_planner_node[0m
[10.691s] [100%] Built target frenet_planner_node
[10.702s] Invoked command in '/home/matthew/sim_ws/src/frenet_lattice_planner/build/frenet_lattice_planner' returned '0': CMAKE_PREFIX_PATH=${CMAKE_PREFIX_PATH}:/opt/ros/jazzy DEBUGINFOD_URLS=https://debuginfod.ubuntu.com /usr/bin/cmake --build /home/matthew/sim_ws/src/frenet_lattice_planner/build/frenet_lattice_planner -- -j12 -l12
[10.711s] Invoking command in '/home/matthew/sim_ws/src/frenet_lattice_planner/build/frenet_lattice_planner': CMAKE_PREFIX_PATH=${CMAKE_PREFIX_PATH}:/opt/ros/jazzy DEBUGINFOD_URLS=https://debuginfod.ubuntu.com /usr/bin/cmake --install /home/matthew/sim_ws/src/frenet_lattice_planner/build/frenet_lattice_planner
[10.717s] -- Install configuration: ""
[10.717s] -- Installing: /home/matthew/sim_ws/src/frenet_lattice_planner/install/frenet_lattice_planner/lib/frenet_lattice_planner/frenet_planner_node
[10.722s] -- Set non-toolchain portion of runtime path of "/home/matthew/sim_ws/src/frenet_lattice_planner/install/frenet_lattice_planner/lib/frenet_lattice_planner/frenet_planner_node" to ""
[10.723s] -- Up-to-date: /home/matthew/sim_ws/src/frenet_lattice_planner/install/frenet_lattice_planner/share/ament_index/resource_index/package_run_dependencies/frenet_lattice_planner
[10.723s] -- Up-to-date: /home/matthew/sim_ws/src/frenet_lattice_planner/install/frenet_lattice_planner/share/ament_index/resource_index/parent_prefix_path/frenet_lattice_planner
[10.723s] -- Up-to-date: /home/matthew/sim_ws/src/frenet_lattice_planner/install/frenet_lattice_planner/share/frenet_lattice_planner/environment/ament_prefix_path.sh
[10.723s] -- Up-to-date: /home/matthew/sim_ws/src/frenet_lattice_planner/install/frenet_lattice_planner/share/frenet_lattice_planner/environment/ament_prefix_path.dsv
[10.723s] -- Up-to-date: /home/matthew/sim_ws/src/frenet_lattice_planner/install/frenet_lattice_planner/share/frenet_lattice_planner/environment/path.sh
[10.723s] -- Up-to-date: /home/matthew/sim_ws/src/frenet_lattice_planner/install/frenet_lattice_planner/share/frenet_lattice_planner/environment/path.dsv
[10.723s] -- Up-to-date: /home/matthew/sim_ws/src/frenet_lattice_planner/install/frenet_lattice_planner/share/frenet_lattice_planner/local_setup.bash
[10.723s] -- Up-to-date: /home/matthew/sim_ws/src/frenet_lattice_planner/install/frenet_lattice_planner/share/frenet_lattice_planner/local_setup.sh
[10.723s] -- Up-to-date: /home/matthew/sim_ws/src/frenet_lattice_planner/install/frenet_lattice_planner/share/frenet_lattice_planner/local_setup.zsh
[10.723s] -- Up-to-date: /home/matthew/sim_ws/src/frenet_lattice_planner/install/frenet_lattice_planner/share/frenet_lattice_planner/local_setup.dsv
[10.723s] -- Installing: /home/matthew/sim_ws/src/frenet_lattice_planner/install/frenet_lattice_planner/share/frenet_lattice_planner/package.dsv
[10.723s] -- Up-to-date: /home/matthew/sim_ws/src/frenet_lattice_planner/install/frenet_lattice_planner/share/ament_index/resource_index/packages/frenet_lattice_planner
[10.724s] -- Up-to-date: /home/matthew/sim_ws/src/frenet_lattice_planner/install/frenet_lattice_planner/share/frenet_lattice_planner/cmake/frenet_lattice_plannerConfig.cmake
[10.724s] -- Up-to-date: /home/matthew/sim_ws/src/frenet_lattice_planner/install/frenet_lattice_planner/share/frenet_lattice_planner/cmake/frenet_lattice_plannerConfig-version.cmake
[10.724s] -- Up-to-date: /home/matthew/sim_ws/src/frenet_lattice_planner/install/frenet_lattice_planner/share/frenet_lattice_planner/package.xml
[10.725s] Invoked command in '/home/matthew/sim_ws/src/frenet_lattice_planner/build/frenet_lattice_planner' returned '0': CMAKE_PREFIX_PATH=${CMAKE_PREFIX_PATH}:/opt/ros/jazzy DEBUGINFOD_URLS=https://debuginfod.ubuntu.com /usr/bin/cmake --install /home/matthew/sim_ws/src/frenet_lattice_planner/build/frenet_lattice_planner
